<?xml version="1.0" encoding="UTF-8"?>
<!-- Generated by org.testng.reporters.JUnitReportReporter -->
<testsuite hostname="DESKTOP-7S7LCUO" failures="0" tests="3" name="dataProviders.LoginTest" time="0.024" errors="0" timestamp="2024-07-18T08:41:51 IST" skipped="0">
  <testcase classname="dataProviders.LoginTest" name="testData" time="0.004"/>
  <testcase classname="dataProviders.LoginTest" name="testData" time="0.008"/>
  <testcase classname="dataProviders.LoginTest" name="testData" time="0.012"/>
</testsuite> <!-- dataProviders.LoginTest -->
