<?xml version="1.0" encoding="UTF-8"?>
<!-- Generated by org.testng.reporters.JUnitReportReporter -->
<testsuite hostname="DESKTOP-7S7LCUO" failures="0" tests="4" name="testNg.Annotations" time="0.042" errors="0" timestamp="2024-07-18T15:24:07 IST" skipped="1">
  <testcase classname="testNg.Annotations" name="test" time="0.012"/>
  <testcase classname="testNg.Annotations" name="loginTest" time="0.014"/>
  <testcase classname="testNg.Annotations" name="addHell" time="0.016"/>
  <testcase classname="testNg.Annotations" name="addtoCart">
    <skipped/>
  </testcase> <!-- addtoCart -->
</testsuite> <!-- testNg.Annotations -->
