<?xml version="1.0" encoding="UTF-8"?>
<!-- Generated by org.testng.reporters.JUnitReportReporter -->
<testsuite hostname="DESKTOP-7S7LCUO" failures="0" tests="5" name="testNgAnnonations.Annotations" time="0.236" errors="0" timestamp="2024-07-29T08:54:53 IST" skipped="0">
  <testcase classname="testNgAnnonations.Annotations" name="test2" time="0.160"/>
  <testcase classname="testNgAnnonations.Annotations" name="test4" time="0.019"/>
  <testcase classname="testNgAnnonations.Annotations" name="test3" time="0.013"/>
  <testcase classname="testNgAnnonations.Annotations" name="test1" time="0.015"/>
  <testcase classname="testNgAnnonations.Annotations" name="test3" time="0.029"/>
</testsuite> <!-- testNgAnnonations.Annotations -->
