<?xml version="1.0" encoding="UTF-8"?>
<!-- Generated by org.testng.reporters.JUnitReportReporter -->
<testsuite hostname="DESKTOP-7S7LCUO" failures="0" tests="3" name="testNg.NewTest" time="0.014" errors="0" timestamp="2024-07-16T00:15:51 IST" skipped="2">
  <testcase classname="testNg.NewTest" name="test3" time="0.014"/>
  <testcase classname="testNg.NewTest" name="test1">
    <skipped/>
  </testcase> <!-- test1 -->
  <testcase classname="testNg.NewTest" name="test2">
    <skipped/>
  </testcase> <!-- test2 -->
</testsuite> <!-- testNg.NewTest -->
