<?xml version="1.0" encoding="UTF-8"?>
<!-- Generated by org.testng.reporters.JUnitReportReporter -->
<testsuite hostname="DESKTOP-7S7LCUO" failures="0" tests="1" name="javaScriptExecutor.Scripts" time="10.184" errors="0" timestamp="2024-07-29T12:23:15 IST" skipped="0">
  <testcase classname="javaScriptExecutor.Scripts" name="test1" time="10.184"/>
</testsuite> <!-- javaScriptExecutor.Scripts -->
