<?xml version="1.0" encoding="UTF-8"?>
<!-- Generated by org.testng.reporters.JUnitReportReporter -->
<testsuite hostname="DESKTOP-7S7LCUO" failures="0" tests="2" name="testNgAnnonations.NewTest" time="0.030" errors="0" timestamp="2024-07-15T09:39:06 IST" skipped="0">
  <testcase classname="testNgAnnonations.NewTest" name="test1" time="0.026"/>
  <testcase classname="testNgAnnonations.NewTest" name="test2" time="0.004"/>
</testsuite> <!-- testNgAnnonations.NewTest -->
