<?xml version="1.0" encoding="UTF-8"?>
<!-- Generated by org.testng.reporters.JUnitReportReporter -->
<testsuite hostname="DESKTOP-7S7LCUO" failures="0" tests="1" name="dataProviders.TakeScrnShot" time="4.551" errors="0" timestamp="2024-07-17T09:56:07 IST" skipped="0">
  <testcase classname="dataProviders.TakeScrnShot" name="takScrn" time="4.551"/>
</testsuite> <!-- dataProviders.TakeScrnShot -->
