<?xml version="1.0" encoding="UTF-8"?>
<!-- Generated by org.testng.reporters.JUnitReportReporter -->
<testsuite hostname="DESKTOP-7S7LCUO" failures="0" tests="3" name="grid.RemoteMachine" time="22.894" errors="0" timestamp="2024-07-19T10:01:24 IST" skipped="0">
  <testcase classname="grid.RemoteMachine" name="test3" time="7.906"/>
  <testcase classname="grid.RemoteMachine" name="test2" time="6.167"/>
  <testcase classname="grid.RemoteMachine" name="test1" time="8.821"/>
</testsuite> <!-- grid.RemoteMachine -->
