<?xml version="1.0" encoding="UTF-8"?>
<!-- Generated by org.testng.reporters.JUnitReportReporter -->
<testsuite hostname="DESKTOP-7S7LCUO" failures="0" tests="2" name="com.nopcommerce.qa.tests.IndexTest" time="1.128" errors="0" timestamp="2024-07-23T09:26:46 IST" skipped="0">
  <testcase classname="com.nopcommerce.qa.tests.IndexTest" name="checkSearch" time="0.265"/>
  <testcase classname="com.nopcommerce.qa.tests.IndexTest" name="checkOnComputer" time="0.863"/>
</testsuite> <!-- com.nopcommerce.qa.tests.IndexTest -->
