<?xml version="1.0" encoding="UTF-8"?>
<!-- Generated by org.testng.reporters.JUnitReportReporter -->
<testsuite hostname="DESKTOP-7S7LCUO" failures="0" tests="1" name="javaScriptExecutor.JavaSce2" time="11.497" errors="0" timestamp="2024-07-30T09:03:41 IST" skipped="0">
  <testcase classname="javaScriptExecutor.JavaSce2" name="test1" time="11.497"/>
</testsuite> <!-- javaScriptExecutor.JavaSce2 -->
