<?xml version="1.0" encoding="UTF-8"?>
<!-- Generated by org.testng.reporters.JUnitReportReporter -->
<testsuite hostname="DESKTOP-7S7LCUO" failures="0" tests="1" name="com.nopcommerce.qa.tests.LoginTest" time="1.272" errors="0" timestamp="2024-07-23T09:45:54 IST" skipped="0">
  <testcase classname="com.nopcommerce.qa.tests.LoginTest" name="verifyLoginInvalidCredentails" time="1.272"/>
</testsuite> <!-- com.nopcommerce.qa.tests.LoginTest -->
