<?xml version="1.0" encoding="UTF-8"?>
<!-- Generated by org.testng.reporters.JUnitReportReporter -->
<testsuite hostname="DESKTOP-7S7LCUO" failures="0" tests="10" name="dataProviders.DataFromExcel" time="0.064" errors="0" timestamp="2024-07-17T09:35:53 IST" skipped="1">
  <testcase classname="dataProviders.DataFromExcel" name="testData" time="0.003"/>
  <testcase classname="dataProviders.DataFromExcel" name="testData" time="0.002"/>
  <testcase classname="dataProviders.DataFromExcel" name="testData" time="0.008"/>
  <testcase classname="dataProviders.DataFromExcel" name="testData" time="0.007"/>
  <testcase classname="dataProviders.DataFromExcel" name="testData" time="0.016"/>
  <testcase classname="dataProviders.DataFromExcel" name="testData" time="0.004"/>
  <testcase classname="dataProviders.DataFromExcel" name="testData" time="0.014"/>
  <testcase classname="dataProviders.DataFromExcel" name="testData" time="0.004"/>
  <testcase classname="dataProviders.DataFromExcel" name="testData" time="0.006"/>
  <testcase classname="dataProviders.DataFromExcel" name="readData">
    <skipped/>
  </testcase> <!-- readData -->
</testsuite> <!-- dataProviders.DataFromExcel -->
