<?xml version="1.0" encoding="UTF-8"?>
<!-- Generated by org.testng.reporters.JUnitReportReporter -->
<testsuite hostname="DESKTOP-7S7LCUO" failures="0" tests="2" name="testNgAnnonations.DiffAnnonations" time="12.110" errors="0" timestamp="2024-07-15T09:51:49 IST" skipped="1">
  <testcase classname="testNgAnnonations.DiffAnnonations" name="loginTestWithValidCred" time="12.110"/>
  <testcase classname="testNgAnnonations.DiffAnnonations" name="checkTools">
    <skipped/>
  </testcase> <!-- checkTools -->
</testsuite> <!-- testNgAnnonations.DiffAnnonations -->
