<?xml version="1.0" encoding="UTF-8"?>
<!-- Generated by org.testng.reporters.JUnitReportReporter -->
<testsuite hostname="DESKTOP-7S7LCUO" failures="0" tests="5" name="testNgAnnonations.Annotations" time="0.184" errors="0" timestamp="2024-07-29T09:05:03 IST" skipped="0">
  <testcase classname="testNgAnnonations.Annotations" name="test3" time="0.010"/>
  <testcase classname="testNgAnnonations.Annotations" name="test1" time="0.016"/>
  <testcase classname="testNgAnnonations.Annotations" name="test3" time="0.012"/>
  <testcase classname="testNgAnnonations.Annotations" name="test4" time="0.010"/>
  <testcase classname="testNgAnnonations.Annotations" name="test2" time="0.136"/>
</testsuite> <!-- testNgAnnonations.Annotations -->
